2012-06-29 16:20:37 Error: [MissingControllerException] Controller class CategoriesController could not be found.
#0 /home/toni/projects/cakephp/app/webroot/index.php(92): Dispatcher->dispatch(Object(CakeRequest), Object(CakeResponse))
#1 {main}
2012-06-29 16:23:27 Error: [MissingControllerException] Controller class ProductPicturesController could not be found.
#0 /home/toni/projects/cakephp/app/webroot/index.php(92): Dispatcher->dispatch(Object(CakeRequest), Object(CakeResponse))
#1 {main}
2012-06-29 16:25:07 Error: [MissingControllerException] Controller class AdminController could not be found.
#0 /home/toni/projects/cakephp/app/webroot/index.php(92): Dispatcher->dispatch(Object(CakeRequest), Object(CakeResponse))
#1 {main}
2012-06-29 16:33:01 Error: [MissingControllerException] Controller class JsController could not be found.
#0 /home/toni/projects/cakephp/app/webroot/index.php(92): Dispatcher->dispatch(Object(CakeRequest), Object(CakeResponse))
#1 {main}
2012-06-29 16:33:20 Error: [MissingControllerException] Controller class JsController could not be found.
#0 /home/toni/projects/cakephp/app/webroot/index.php(92): Dispatcher->dispatch(Object(CakeRequest), Object(CakeResponse))
#1 {main}
2012-06-29 16:34:00 Error: [MissingControllerException] Controller class JsController could not be found.
#0 /home/toni/projects/cakephp/app/webroot/index.php(92): Dispatcher->dispatch(Object(CakeRequest), Object(CakeResponse))
#1 {main}
2012-06-29 16:35:43 Error: [MissingControllerException] Controller class JsController could not be found.
#0 /home/toni/projects/cakephp/app/webroot/index.php(92): Dispatcher->dispatch(Object(CakeRequest), Object(CakeResponse))
#1 {main}
2012-06-29 16:35:48 Error: [MissingControllerException] Controller class JsController could not be found.
#0 /home/toni/projects/cakephp/app/webroot/index.php(92): Dispatcher->dispatch(Object(CakeRequest), Object(CakeResponse))
#1 {main}
2012-06-29 16:35:50 Error: [MissingControllerException] Controller class JsController could not be found.
#0 /home/toni/projects/cakephp/app/webroot/index.php(92): Dispatcher->dispatch(Object(CakeRequest), Object(CakeResponse))
#1 {main}
2012-06-29 16:36:07 Error: [MissingControllerException] Controller class JsController could not be found.
#0 /home/toni/projects/cakephp/app/webroot/index.php(92): Dispatcher->dispatch(Object(CakeRequest), Object(CakeResponse))
#1 {main}
2012-06-29 16:36:10 Error: [MissingControllerException] Controller class JsController could not be found.
#0 /home/toni/projects/cakephp/app/webroot/index.php(92): Dispatcher->dispatch(Object(CakeRequest), Object(CakeResponse))
#1 {main}
2012-06-29 16:36:20 Error: [MissingControllerException] Controller class JsController could not be found.
#0 /home/toni/projects/cakephp/app/webroot/index.php(92): Dispatcher->dispatch(Object(CakeRequest), Object(CakeResponse))
#1 {main}
2012-06-29 16:36:28 Error: [MissingControllerException] Controller class JsController could not be found.
#0 /home/toni/projects/cakephp/app/webroot/index.php(92): Dispatcher->dispatch(Object(CakeRequest), Object(CakeResponse))
#1 {main}
2012-06-29 17:21:18 Error: [MissingControllerException] Controller class TwiterBootstrapController could not be found.
#0 /home/toni/projects/cakephp/app/webroot/index.php(92): Dispatcher->dispatch(Object(CakeRequest), Object(CakeResponse))
#1 {main}
2012-06-29 17:21:18 Error: [MissingControllerException] Controller class JsController could not be found.
#0 /home/toni/projects/cakephp/app/webroot/index.php(92): Dispatcher->dispatch(Object(CakeRequest), Object(CakeResponse))
#1 {main}
2012-06-29 17:21:41 Error: [MethodNotAllowedException] Debug setting does not allow access to this url.
#0 [internal function]: TwitterBootstrapController->beforeFilter(Object(CakeEvent))
#1 /home/toni/projects/cakephp/lib/Cake/Event/CakeEventManager.php(246): call_user_func(Array, Object(CakeEvent))
#2 /home/toni/projects/cakephp/lib/Cake/Controller/Controller.php(670): CakeEventManager->dispatch(Object(CakeEvent))
#3 /home/toni/projects/cakephp/lib/Cake/Routing/Dispatcher.php(100): Controller->startupProcess()
#4 /home/toni/projects/cakephp/lib/Cake/Routing/Dispatcher.php(85): Dispatcher->_invoke(Object(TwitterBootstrapController), Object(CakeRequest), Object(CakeResponse))
#5 /home/toni/projects/cakephp/app/webroot/index.php(92): Dispatcher->dispatch(Object(CakeRequest), Object(CakeResponse))
#6 {main}
2012-06-29 17:21:41 Error: [MissingControllerException] Controller class JsController could not be found.
#0 /home/toni/projects/cakephp/app/webroot/index.php(92): Dispatcher->dispatch(Object(CakeRequest), Object(CakeResponse))
#1 {main}
2012-06-29 17:21:54 Error: [MissingControllerException] Controller class JsController could not be found.
#0 /home/toni/projects/cakephp/app/webroot/index.php(92): Dispatcher->dispatch(Object(CakeRequest), Object(CakeResponse))
#1 {main}
2012-06-29 17:22:15 Error: [MissingControllerException] Controller class JsController could not be found.
#0 /home/toni/projects/cakephp/app/webroot/index.php(92): Dispatcher->dispatch(Object(CakeRequest), Object(CakeResponse))
#1 {main}
2012-06-29 17:22:33 Error: [MissingControllerException] Controller class CssController could not be found.
#0 /home/toni/projects/cakephp/app/webroot/index.php(92): Dispatcher->dispatch(Object(CakeRequest), Object(CakeResponse))
#1 {main}
2012-06-29 17:22:33 Error: [MissingControllerException] Controller class CssController could not be found.
#0 /home/toni/projects/cakephp/app/webroot/index.php(92): Dispatcher->dispatch(Object(CakeRequest), Object(CakeResponse))
#1 {main}
2012-06-29 17:22:33 Error: [MissingControllerException] Controller class JsController could not be found.
#0 /home/toni/projects/cakephp/app/webroot/index.php(92): Dispatcher->dispatch(Object(CakeRequest), Object(CakeResponse))
#1 {main}
2012-06-29 17:22:40 Error: [MissingControllerException] Controller class JsController could not be found.
#0 /home/toni/projects/cakephp/app/webroot/index.php(92): Dispatcher->dispatch(Object(CakeRequest), Object(CakeResponse))
#1 {main}
2012-06-29 17:25:08 Error: [MissingControllerException] Controller class JsController could not be found.
#0 /home/toni/projects/cakephp/app/webroot/index.php(92): Dispatcher->dispatch(Object(CakeRequest), Object(CakeResponse))
#1 {main}
2012-06-29 17:25:34 Error: [MissingControllerException] Controller class JsController could not be found.
#0 /home/toni/projects/cakephp/app/webroot/index.php(92): Dispatcher->dispatch(Object(CakeRequest), Object(CakeResponse))
#1 {main}
2012-06-29 17:25:35 Error: [MissingControllerException] Controller class JsController could not be found.
#0 /home/toni/projects/cakephp/app/webroot/index.php(92): Dispatcher->dispatch(Object(CakeRequest), Object(CakeResponse))
#1 {main}
2012-06-29 17:27:08 Error: [MissingControllerException] Controller class JsController could not be found.
#0 /home/toni/projects/cakephp/app/webroot/index.php(92): Dispatcher->dispatch(Object(CakeRequest), Object(CakeResponse))
#1 {main}
2012-06-29 17:29:02 Error: [MissingControllerException] Controller class JsController could not be found.
#0 /home/toni/projects/cakephp/app/webroot/index.php(92): Dispatcher->dispatch(Object(CakeRequest), Object(CakeResponse))
#1 {main}
2012-06-29 17:30:29 Error: [MissingControllerException] Controller class JsController could not be found.
#0 /home/toni/projects/cakephp/app/webroot/index.php(92): Dispatcher->dispatch(Object(CakeRequest), Object(CakeResponse))
#1 {main}
2012-06-29 17:30:33 Error: [MissingControllerException] Controller class JsController could not be found.
#0 /home/toni/projects/cakephp/app/webroot/index.php(92): Dispatcher->dispatch(Object(CakeRequest), Object(CakeResponse))
#1 {main}
2012-06-29 17:32:00 Error: [MissingControllerException] Controller class JsController could not be found.
#0 /home/toni/projects/cakephp/app/webroot/index.php(92): Dispatcher->dispatch(Object(CakeRequest), Object(CakeResponse))
#1 {main}
2012-06-29 17:32:12 Error: [MissingControllerException] Controller class JsController could not be found.
#0 /home/toni/projects/cakephp/app/webroot/index.php(92): Dispatcher->dispatch(Object(CakeRequest), Object(CakeResponse))
#1 {main}
2012-06-29 17:34:08 Error: [MissingControllerException] Controller class JsController could not be found.
#0 /home/toni/projects/cakephp/app/webroot/index.php(92): Dispatcher->dispatch(Object(CakeRequest), Object(CakeResponse))
#1 {main}
2012-06-29 17:35:29 Error: [MissingControllerException] Controller class JsController could not be found.
#0 /home/toni/projects/cakephp/app/webroot/index.php(92): Dispatcher->dispatch(Object(CakeRequest), Object(CakeResponse))
#1 {main}
2012-06-29 17:36:04 Error: [MissingControllerException] Controller class JsController could not be found.
#0 /home/toni/projects/cakephp/app/webroot/index.php(92): Dispatcher->dispatch(Object(CakeRequest), Object(CakeResponse))
#1 {main}
2012-06-29 17:36:06 Error: [MissingControllerException] Controller class JsController could not be found.
#0 /home/toni/projects/cakephp/app/webroot/index.php(92): Dispatcher->dispatch(Object(CakeRequest), Object(CakeResponse))
#1 {main}
2012-06-29 17:37:44 Error: [MissingControllerException] Controller class JsController could not be found.
#0 /home/toni/projects/cakephp/app/webroot/index.php(92): Dispatcher->dispatch(Object(CakeRequest), Object(CakeResponse))
#1 {main}
2012-06-29 17:37:48 Error: [MissingControllerException] Controller class JsController could not be found.
#0 /home/toni/projects/cakephp/app/webroot/index.php(92): Dispatcher->dispatch(Object(CakeRequest), Object(CakeResponse))
#1 {main}
2012-06-29 17:37:54 Error: [MissingControllerException] Controller class JsController could not be found.
#0 /home/toni/projects/cakephp/app/webroot/index.php(92): Dispatcher->dispatch(Object(CakeRequest), Object(CakeResponse))
#1 {main}
2012-06-29 17:37:57 Error: [MissingControllerException] Controller class JsController could not be found.
#0 /home/toni/projects/cakephp/app/webroot/index.php(92): Dispatcher->dispatch(Object(CakeRequest), Object(CakeResponse))
#1 {main}
2012-06-29 17:38:13 Error: [MissingControllerException] Controller class JsController could not be found.
#0 /home/toni/projects/cakephp/app/webroot/index.php(92): Dispatcher->dispatch(Object(CakeRequest), Object(CakeResponse))
#1 {main}
2012-06-29 17:38:15 Error: [MissingControllerException] Controller class JsController could not be found.
#0 /home/toni/projects/cakephp/app/webroot/index.php(92): Dispatcher->dispatch(Object(CakeRequest), Object(CakeResponse))
#1 {main}
2012-06-29 17:38:21 Error: [MissingControllerException] Controller class JsController could not be found.
#0 /home/toni/projects/cakephp/app/webroot/index.php(92): Dispatcher->dispatch(Object(CakeRequest), Object(CakeResponse))
#1 {main}
2012-06-29 17:38:22 Error: [MissingControllerException] Controller class JsController could not be found.
#0 /home/toni/projects/cakephp/app/webroot/index.php(92): Dispatcher->dispatch(Object(CakeRequest), Object(CakeResponse))
#1 {main}
2012-06-29 17:41:03 Error: [MissingControllerException] Controller class JsController could not be found.
#0 /home/toni/projects/cakephp/app/webroot/index.php(92): Dispatcher->dispatch(Object(CakeRequest), Object(CakeResponse))
#1 {main}
2012-06-29 17:41:06 Error: [MissingControllerException] Controller class JsController could not be found.
#0 /home/toni/projects/cakephp/app/webroot/index.php(92): Dispatcher->dispatch(Object(CakeRequest), Object(CakeResponse))
#1 {main}
2012-06-29 17:41:10 Error: [MissingControllerException] Controller class JsController could not be found.
#0 /home/toni/projects/cakephp/app/webroot/index.php(92): Dispatcher->dispatch(Object(CakeRequest), Object(CakeResponse))
#1 {main}
2012-06-29 17:42:03 Error: [MissingControllerException] Controller class JsController could not be found.
#0 /home/toni/projects/cakephp/app/webroot/index.php(92): Dispatcher->dispatch(Object(CakeRequest), Object(CakeResponse))
#1 {main}
2012-06-29 17:42:50 Error: [MissingControllerException] Controller class JsController could not be found.
#0 /home/toni/projects/cakephp/app/webroot/index.php(92): Dispatcher->dispatch(Object(CakeRequest), Object(CakeResponse))
#1 {main}
2012-06-29 17:43:07 Error: [MissingControllerException] Controller class JsController could not be found.
#0 /home/toni/projects/cakephp/app/webroot/index.php(92): Dispatcher->dispatch(Object(CakeRequest), Object(CakeResponse))
#1 {main}
2012-06-29 17:43:10 Error: [MissingControllerException] Controller class JsController could not be found.
#0 /home/toni/projects/cakephp/app/webroot/index.php(92): Dispatcher->dispatch(Object(CakeRequest), Object(CakeResponse))
#1 {main}
2012-06-29 17:43:11 Error: [MissingControllerException] Controller class JsController could not be found.
#0 /home/toni/projects/cakephp/app/webroot/index.php(92): Dispatcher->dispatch(Object(CakeRequest), Object(CakeResponse))
#1 {main}
2012-06-29 17:44:38 Error: [MissingControllerException] Controller class JsController could not be found.
#0 /home/toni/projects/cakephp/app/webroot/index.php(92): Dispatcher->dispatch(Object(CakeRequest), Object(CakeResponse))
#1 {main}
2012-06-29 17:44:39 Error: [MissingControllerException] Controller class JsController could not be found.
#0 /home/toni/projects/cakephp/app/webroot/index.php(92): Dispatcher->dispatch(Object(CakeRequest), Object(CakeResponse))
#1 {main}
2012-06-29 17:44:42 Error: [MissingControllerException] Controller class JsController could not be found.
#0 /home/toni/projects/cakephp/app/webroot/index.php(92): Dispatcher->dispatch(Object(CakeRequest), Object(CakeResponse))
#1 {main}
2012-06-29 17:44:56 Error: [MissingControllerException] Controller class JsController could not be found.
#0 /home/toni/projects/cakephp/app/webroot/index.php(92): Dispatcher->dispatch(Object(CakeRequest), Object(CakeResponse))
#1 {main}
2012-06-29 17:44:58 Error: [MissingControllerException] Controller class JsController could not be found.
#0 /home/toni/projects/cakephp/app/webroot/index.php(92): Dispatcher->dispatch(Object(CakeRequest), Object(CakeResponse))
#1 {main}
2012-06-29 17:51:03 Error: [MissingLayoutException] Layout file "/home/toni/projects/cakephp/app/View/Themed/TwitterBootstrap/Layouts/bootstrap.ctp" is missing.
#0 /home/toni/projects/cakephp/lib/Cake/View/View.php(503): View->_getLayoutFileName('bootstrap')
#1 /home/toni/projects/cakephp/lib/Cake/View/View.php(473): View->renderLayout('', 'bootstrap')
#2 /home/toni/projects/cakephp/lib/Cake/Controller/Controller.php(959): View->render(NULL, NULL)
#3 /home/toni/projects/cakephp/lib/Cake/Routing/Dispatcher.php(110): Controller->render()
#4 /home/toni/projects/cakephp/lib/Cake/Routing/Dispatcher.php(85): Dispatcher->_invoke(Object(CategoriesController), Object(CakeRequest), Object(CakeResponse))
#5 /home/toni/projects/cakephp/app/webroot/index.php(92): Dispatcher->dispatch(Object(CakeRequest), Object(CakeResponse))
#6 {main}
2012-06-29 17:51:03 Error: [MissingControllerException] Controller class JsController could not be found.
#0 /home/toni/projects/cakephp/app/webroot/index.php(92): Dispatcher->dispatch(Object(CakeRequest), Object(CakeResponse))
#1 {main}
2012-06-29 17:52:05 Error: [MissingControllerException] Controller class JsController could not be found.
#0 /home/toni/projects/cakephp/app/webroot/index.php(92): Dispatcher->dispatch(Object(CakeRequest), Object(CakeResponse))
#1 {main}
2012-06-29 17:52:14 Error: [MissingControllerException] Controller class JsController could not be found.
#0 /home/toni/projects/cakephp/app/webroot/index.php(92): Dispatcher->dispatch(Object(CakeRequest), Object(CakeResponse))
#1 {main}
2012-06-29 17:52:25 Error: [MissingControllerException] Controller class JsController could not be found.
#0 /home/toni/projects/cakephp/app/webroot/index.php(92): Dispatcher->dispatch(Object(CakeRequest), Object(CakeResponse))
#1 {main}
2012-06-29 17:52:29 Error: [MissingControllerException] Controller class JsController could not be found.
#0 /home/toni/projects/cakephp/app/webroot/index.php(92): Dispatcher->dispatch(Object(CakeRequest), Object(CakeResponse))
#1 {main}
2012-06-29 17:52:44 Error: [MissingControllerException] Controller class JsController could not be found.
#0 /home/toni/projects/cakephp/app/webroot/index.php(92): Dispatcher->dispatch(Object(CakeRequest), Object(CakeResponse))
#1 {main}
2012-06-29 17:52:49 Error: [MissingControllerException] Controller class JsController could not be found.
#0 /home/toni/projects/cakephp/app/webroot/index.php(92): Dispatcher->dispatch(Object(CakeRequest), Object(CakeResponse))
#1 {main}
2012-06-29 17:55:47 Error: [MissingControllerException] Controller class JsController could not be found.
#0 /home/toni/projects/cakephp/app/webroot/index.php(92): Dispatcher->dispatch(Object(CakeRequest), Object(CakeResponse))
#1 {main}
2012-06-29 17:55:48 Error: [MissingControllerException] Controller class JsController could not be found.
#0 /home/toni/projects/cakephp/app/webroot/index.php(92): Dispatcher->dispatch(Object(CakeRequest), Object(CakeResponse))
#1 {main}
2012-06-29 17:55:51 Error: [MissingControllerException] Controller class JsController could not be found.
#0 /home/toni/projects/cakephp/app/webroot/index.php(92): Dispatcher->dispatch(Object(CakeRequest), Object(CakeResponse))
#1 {main}
2012-06-29 17:56:04 Error: [MissingControllerException] Controller class JsController could not be found.
#0 /home/toni/projects/cakephp/app/webroot/index.php(92): Dispatcher->dispatch(Object(CakeRequest), Object(CakeResponse))
#1 {main}
2012-06-29 17:56:28 Error: [MissingControllerException] Controller class JsController could not be found.
#0 /home/toni/projects/cakephp/app/webroot/index.php(92): Dispatcher->dispatch(Object(CakeRequest), Object(CakeResponse))
#1 {main}
2012-06-29 17:56:45 Error: [MissingControllerException] Controller class JsController could not be found.
#0 /home/toni/projects/cakephp/app/webroot/index.php(92): Dispatcher->dispatch(Object(CakeRequest), Object(CakeResponse))
#1 {main}
2012-06-29 17:56:51 Error: [MissingControllerException] Controller class JsController could not be found.
#0 /home/toni/projects/cakephp/app/webroot/index.php(92): Dispatcher->dispatch(Object(CakeRequest), Object(CakeResponse))
#1 {main}
2012-06-29 17:57:20 Error: [MissingControllerException] Controller class JsController could not be found.
#0 /home/toni/projects/cakephp/app/webroot/index.php(92): Dispatcher->dispatch(Object(CakeRequest), Object(CakeResponse))
#1 {main}
2012-06-29 18:01:11 Error: [MissingControllerException] Controller class JsController could not be found.
#0 /home/toni/projects/cakephp/app/webroot/index.php(92): Dispatcher->dispatch(Object(CakeRequest), Object(CakeResponse))
#1 {main}
2012-06-29 18:01:18 Error: [MissingControllerException] Controller class JsController could not be found.
#0 /home/toni/projects/cakephp/app/webroot/index.php(92): Dispatcher->dispatch(Object(CakeRequest), Object(CakeResponse))
#1 {main}
2012-06-29 18:01:25 Error: [MissingControllerException] Controller class JsController could not be found.
#0 /home/toni/projects/cakephp/app/webroot/index.php(92): Dispatcher->dispatch(Object(CakeRequest), Object(CakeResponse))
#1 {main}
2012-06-29 18:01:38 Error: [MissingControllerException] Controller class JsController could not be found.
#0 /home/toni/projects/cakephp/app/webroot/index.php(92): Dispatcher->dispatch(Object(CakeRequest), Object(CakeResponse))
#1 {main}
2012-06-29 18:01:42 Error: [MissingControllerException] Controller class JsController could not be found.
#0 /home/toni/projects/cakephp/app/webroot/index.php(92): Dispatcher->dispatch(Object(CakeRequest), Object(CakeResponse))
#1 {main}
2012-06-29 18:01:51 Error: [MissingControllerException] Controller class JsController could not be found.
#0 /home/toni/projects/cakephp/app/webroot/index.php(92): Dispatcher->dispatch(Object(CakeRequest), Object(CakeResponse))
#1 {main}
2012-06-29 18:02:07 Error: [MissingControllerException] Controller class JsController could not be found.
#0 /home/toni/projects/cakephp/app/webroot/index.php(92): Dispatcher->dispatch(Object(CakeRequest), Object(CakeResponse))
#1 {main}
2012-06-29 18:02:12 Error: [MissingControllerException] Controller class JsController could not be found.
#0 /home/toni/projects/cakephp/app/webroot/index.php(92): Dispatcher->dispatch(Object(CakeRequest), Object(CakeResponse))
#1 {main}
2012-06-29 18:02:14 Error: [MissingControllerException] Controller class JsController could not be found.
#0 /home/toni/projects/cakephp/app/webroot/index.php(92): Dispatcher->dispatch(Object(CakeRequest), Object(CakeResponse))
#1 {main}
2012-06-29 18:02:21 Error: [MissingControllerException] Controller class JsController could not be found.
#0 /home/toni/projects/cakephp/app/webroot/index.php(92): Dispatcher->dispatch(Object(CakeRequest), Object(CakeResponse))
#1 {main}
2012-06-29 18:04:33 Error: [MissingControllerException] Controller class JsController could not be found.
#0 /home/toni/projects/cakephp/app/webroot/index.php(92): Dispatcher->dispatch(Object(CakeRequest), Object(CakeResponse))
#1 {main}
2012-06-29 18:04:58 Error: [MissingControllerException] Controller class JsController could not be found.
#0 /home/toni/projects/cakephp/app/webroot/index.php(92): Dispatcher->dispatch(Object(CakeRequest), Object(CakeResponse))
#1 {main}
2012-06-29 18:05:08 Error: [MissingControllerException] Controller class JsController could not be found.
#0 /home/toni/projects/cakephp/app/webroot/index.php(92): Dispatcher->dispatch(Object(CakeRequest), Object(CakeResponse))
#1 {main}
2012-06-29 18:05:15 Error: [MissingControllerException] Controller class JsController could not be found.
#0 /home/toni/projects/cakephp/app/webroot/index.php(92): Dispatcher->dispatch(Object(CakeRequest), Object(CakeResponse))
#1 {main}
2012-06-29 18:05:27 Error: [MissingControllerException] Controller class JsController could not be found.
#0 /home/toni/projects/cakephp/app/webroot/index.php(92): Dispatcher->dispatch(Object(CakeRequest), Object(CakeResponse))
#1 {main}
2012-06-29 18:05:42 Error: [MissingControllerException] Controller class JsController could not be found.
#0 /home/toni/projects/cakephp/app/webroot/index.php(92): Dispatcher->dispatch(Object(CakeRequest), Object(CakeResponse))
#1 {main}
2012-06-29 18:05:43 Error: [MissingControllerException] Controller class JsController could not be found.
#0 /home/toni/projects/cakephp/app/webroot/index.php(92): Dispatcher->dispatch(Object(CakeRequest), Object(CakeResponse))
#1 {main}
2012-06-29 18:05:48 Error: [MissingControllerException] Controller class JsController could not be found.
#0 /home/toni/projects/cakephp/app/webroot/index.php(92): Dispatcher->dispatch(Object(CakeRequest), Object(CakeResponse))
#1 {main}
2012-06-29 18:06:29 Error: [MissingControllerException] Controller class JsController could not be found.
#0 /home/toni/projects/cakephp/app/webroot/index.php(92): Dispatcher->dispatch(Object(CakeRequest), Object(CakeResponse))
#1 {main}
2012-06-29 18:06:49 Error: [MissingControllerException] Controller class JsController could not be found.
#0 /home/toni/projects/cakephp/app/webroot/index.php(92): Dispatcher->dispatch(Object(CakeRequest), Object(CakeResponse))
#1 {main}
2012-06-29 18:07:00 Error: [MissingControllerException] Controller class JsController could not be found.
#0 /home/toni/projects/cakephp/app/webroot/index.php(92): Dispatcher->dispatch(Object(CakeRequest), Object(CakeResponse))
#1 {main}
2012-06-29 18:07:02 Error: [MissingControllerException] Controller class JsController could not be found.
#0 /home/toni/projects/cakephp/app/webroot/index.php(92): Dispatcher->dispatch(Object(CakeRequest), Object(CakeResponse))
#1 {main}
2012-06-29 18:07:06 Error: [MissingControllerException] Controller class JsController could not be found.
#0 /home/toni/projects/cakephp/app/webroot/index.php(92): Dispatcher->dispatch(Object(CakeRequest), Object(CakeResponse))
#1 {main}
2012-06-29 18:09:00 Error: [MissingLayoutException] Layout file "/home/toni/projects/cakephp/app/View/Themed/TwitterBootstrap/Layouts/bootstrap.ctp" is missing.
#0 /home/toni/projects/cakephp/lib/Cake/View/View.php(503): View->_getLayoutFileName('bootstrap')
#1 /home/toni/projects/cakephp/lib/Cake/View/View.php(473): View->renderLayout('', 'bootstrap')
#2 /home/toni/projects/cakephp/lib/Cake/Controller/Controller.php(959): View->render(NULL, NULL)
#3 /home/toni/projects/cakephp/lib/Cake/Routing/Dispatcher.php(110): Controller->render()
#4 /home/toni/projects/cakephp/lib/Cake/Routing/Dispatcher.php(85): Dispatcher->_invoke(Object(ProductsController), Object(CakeRequest), Object(CakeResponse))
#5 /home/toni/projects/cakephp/app/webroot/index.php(92): Dispatcher->dispatch(Object(CakeRequest), Object(CakeResponse))
#6 {main}
2012-06-29 18:09:00 Error: [MissingControllerException] Controller class JsController could not be found.
#0 /home/toni/projects/cakephp/app/webroot/index.php(92): Dispatcher->dispatch(Object(CakeRequest), Object(CakeResponse))
#1 {main}
2012-06-29 18:09:14 Error: [MissingControllerException] Controller class JsController could not be found.
#0 /home/toni/projects/cakephp/app/webroot/index.php(92): Dispatcher->dispatch(Object(CakeRequest), Object(CakeResponse))
#1 {main}
2012-06-29 18:10:25 Error: [MissingControllerException] Controller class JsController could not be found.
#0 /home/toni/projects/cakephp/app/webroot/index.php(92): Dispatcher->dispatch(Object(CakeRequest), Object(CakeResponse))
#1 {main}
2012-06-29 18:10:52 Error: [MissingControllerException] Controller class JsController could not be found.
#0 /home/toni/projects/cakephp/app/webroot/index.php(92): Dispatcher->dispatch(Object(CakeRequest), Object(CakeResponse))
#1 {main}
2012-06-29 18:10:53 Error: [MissingControllerException] Controller class JsController could not be found.
#0 /home/toni/projects/cakephp/app/webroot/index.php(92): Dispatcher->dispatch(Object(CakeRequest), Object(CakeResponse))
#1 {main}
2012-06-29 18:11:21 Error: [MissingControllerException] Controller class JsController could not be found.
#0 /home/toni/projects/cakephp/app/webroot/index.php(92): Dispatcher->dispatch(Object(CakeRequest), Object(CakeResponse))
#1 {main}
2012-06-29 18:11:31 Error: [MissingControllerException] Controller class JsController could not be found.
#0 /home/toni/projects/cakephp/app/webroot/index.php(92): Dispatcher->dispatch(Object(CakeRequest), Object(CakeResponse))
#1 {main}
2012-06-29 18:11:37 Error: [MissingControllerException] Controller class JsController could not be found.
#0 /home/toni/projects/cakephp/app/webroot/index.php(92): Dispatcher->dispatch(Object(CakeRequest), Object(CakeResponse))
#1 {main}
2012-06-29 18:13:29 Error: [MissingControllerException] Controller class JsController could not be found.
#0 /home/toni/projects/cakephp/app/webroot/index.php(92): Dispatcher->dispatch(Object(CakeRequest), Object(CakeResponse))
#1 {main}
2012-06-29 18:15:23 Error: [MissingControllerException] Controller class JsController could not be found.
#0 /home/toni/projects/cakephp/app/webroot/index.php(92): Dispatcher->dispatch(Object(CakeRequest), Object(CakeResponse))
#1 {main}
2012-06-29 18:15:24 Error: [MissingControllerException] Controller class JsController could not be found.
#0 /home/toni/projects/cakephp/app/webroot/index.php(92): Dispatcher->dispatch(Object(CakeRequest), Object(CakeResponse))
#1 {main}
2012-06-29 18:15:26 Error: [MissingControllerException] Controller class JsController could not be found.
#0 /home/toni/projects/cakephp/app/webroot/index.php(92): Dispatcher->dispatch(Object(CakeRequest), Object(CakeResponse))
#1 {main}
2012-06-29 18:15:27 Error: [MissingControllerException] Controller class JsController could not be found.
#0 /home/toni/projects/cakephp/app/webroot/index.php(92): Dispatcher->dispatch(Object(CakeRequest), Object(CakeResponse))
#1 {main}
2012-06-29 18:15:56 Error: [MissingControllerException] Controller class JsController could not be found.
#0 /home/toni/projects/cakephp/app/webroot/index.php(92): Dispatcher->dispatch(Object(CakeRequest), Object(CakeResponse))
#1 {main}
2012-06-29 18:16:07 Error: [MissingControllerException] Controller class JsController could not be found.
#0 /home/toni/projects/cakephp/app/webroot/index.php(92): Dispatcher->dispatch(Object(CakeRequest), Object(CakeResponse))
#1 {main}
